3
0 0 1 0 0 0 0 0 0 
0 0 0 0 0 0 0 0 0 
num: 0 min: 3

5
0 0 1 0 0 0 0 0 0 
0 0 0 0 1 0 0 0 0 
num: 0 min: 3

4
0 0 1 1 0 0 0 0 0 
0 0 0 0 1 0 0 0 0 
num: 0 min: 3

9
0 0 1 1 0 0 0 0 0 
0 0 0 0 1 0 0 0 1 
num: 0 min: 3

3
0 0 2 1 0 0 0 0 0 
0 0 0 0 1 0 0 0 1 
num: 0 min: 3

6
0 0 2 1 0 0 0 0 0 
0 0 0 0 1 1 0 0 1 
num: 2 min: 3

5
0 0 2 1 1 0 0 0 0 
0 0 0 0 1 1 0 0 1 
num: 2 min: 3

3
0 0 2 1 1 0 0 0 0 
0 0 1 0 1 1 0 0 1 
num: 2 min: 3

0 0 2 1 1 0 0 0 0 
0 0 1 0 1 1 0 0 1 
num: 2 min: 3

6
0 0 2 1 1 0 0 0 0 
0 0 1 0 1 2 0 0 1 
num: 4 min: 3

0 0 2 1 1 0 0 0 0 
0 0 1 0 1 2 0 0 1 
num: 4 min: 1

1
1 0 2 1 1 0 0 0 0 
0 0 1 0 1 2 0 0 1 
num: 4 min: 1

3
0 0 1 0 0 0 0 0 0 
0 0 0 0 0 0 0 0 0 
num: 4 min: 3

4
0 0 1 0 0 0 0 0 0 
0 0 0 1 0 0 0 0 0 
num: 4 min: 3

5
0 0 1 0 1 0 0 0 0 
0 0 0 1 0 0 0 0 0 
num: 4 min: 3

3
0 0 1 0 1 0 0 0 0 
0 0 1 1 0 0 0 0 0 
num: 4 min: 3

0 0 1 0 1 0 0 0 0 
0 0 1 1 0 0 0 0 0 
num: 4 min: 1

1
1 0 1 0 1 0 0 0 0 
0 0 1 1 0 0 0 0 0 
num: 4 min: 1

5
0 0 0 0 1 0 0 0 0 
0 0 0 0 0 0 0 0 0 
num: 4 min: 3

3
0 0 0 0 1 0 0 0 0 
0 0 1 0 0 0 0 0 0 
num: 4 min: 3

0 0 0 0 1 0 0 0 0 
0 0 1 0 0 0 0 0 0 
num: 4 min: 1

1
1 0 0 0 1 0 0 0 0 
0 0 1 0 0 0 0 0 0 
num: 4 min: 1

1
1 0 0 0 0 0 0 0 0 
0 0 0 0 0 0 0 0 0 
num: 4 min: 1

5
1 0 0 0 0 0 0 0 0 
0 0 0 0 1 0 0 0 0 
num: 4 min: 1

4
0 0 0 1 0 0 0 0 0 
0 0 0 0 0 0 0 0 0 
num: 4 min: 3

3
0 0 0 1 0 0 0 0 0 
0 0 1 0 0 0 0 0 0 
num: 4 min: 3

6
0 0 0 0 0 1 0 0 0 
0 0 0 0 0 0 0 0 0 
num: 4 min: 3

3
0 0 0 0 0 1 0 0 0 
0 0 1 0 0 0 0 0 0 
num: 5 min: 3

9
0 0 0 0 0 1 0 0 1 
0 0 1 0 0 0 0 0 0 
num: 5 min: 3

6
0 0 0 0 0 1 0 0 1 
0 0 1 0 0 1 0 0 0 
num: 6 min: 3

5
0 0 0 0 1 1 0 0 1 
0 0 1 0 0 1 0 0 0 
num: 6 min: 3

9
0 0 0 0 0 0 0 0 1 
0 0 0 0 0 0 0 0 0 
num: 6 min: 6

6
0 0 0 0 0 0 0 0 1 
0 0 0 0 0 1 0 0 0 
num: 6 min: 6

0 0 0 0 0 0 0 0 1 
0 0 0 0 0 1 0 0 0 
num: 6 min: 5

5
0 0 0 0 1 0 0 0 1 
0 0 0 0 0 1 0 0 0 
num: 6 min: 5

5
0 0 0 0 1 0 0 0 0 
0 0 0 0 0 0 0 0 0 
num: 6 min: 5

9
0 0 0 0 1 0 0 0 0 
0 0 0 0 0 0 0 0 1 
num: 6 min: 5

3
0 0 1 0 0 0 0 0 0 
0 0 0 0 0 0 0 0 0 
num: 6 min: 3

6
0 0 1 0 0 0 0 0 0 
0 0 0 0 0 1 0 0 0 
num: 7 min: 3

7